<?xml version="1.0" encoding="UTF-8"?>
<!-- Generated by org.testng.reporters.JUnitXMLReporter -->
<testsuite hostname="DESKTOP-2QUGJMC" ignored="0" name="Selenium scripts" tests="3" failures="0" timestamp="03 Sep 2020 01:20:39 GMT" time="30.755" errors="0">
  <testcase name="wikipagedata" time="6.946" classname="com.TestNGScripts.ParameterizationwithPOI_instructor"/>
  <testcase name="wikipagedata" time="6.894" classname="com.TestNGScripts.ParameterizationwithPOI_instructor"/>
  <testcase name="wikipagedata" time="6.853" classname="com.TestNGScripts.ParameterizationwithPOI_instructor"/>
</testsuite> <!-- Selenium scripts -->
